Arguments: 
  /Users/koooo/.nvm/versions/node/v14.18.2/bin/node /Users/koooo/.nvm/versions/node/v14.18.2/bin/yarn init

PATH: 
  /Users/koooo/.rbenv/shims:/Users/koooo/.rbenv/bin:/opt/homebrew/bin:/usr/local/Cellar/pyenv-virtualenv/1.1.5/shims:/Users/koooo/.pyenv/shims:/Users/koooo/.nvm/versions/node/v14.18.2/bin:/usr/local/bin:/usr/bin:/bin:/usr/sbin:/sbin:/Users/macuser/Webdriver:/Users/koooo/dev/webdriver/:/usr/local/go/bin:/usr/local/share/dotnet:/opt/X11/bin:/Library/Apple/usr/bin:/Library/Frameworks/Mono.framework/Versions/Current/Commands:/Users/koooo/Library/Android/sdk/platform-tools:/Users/koooo/.rbenv/shims:/Users/koooo/.rbenv/bin:/opt/homebrew/bin:/usr/local/anaconda3/condabin:/usr/local/Cellar/pyenv-virtualenv/1.1.5/shims:/Users/koooo/.pyenv/shims:/Users/koooo/.nvm/versions/node/v14.18.2/bin:/Users/koooo/.cargo/bin:/Applications/Visual Studio Code.app/Contents/Resources/app/bin/:/opt/homebrew/bin/kotlin/bin:/Users/koooo/Library/Android/sdk/emulator:/Applications/Visual Studio Code.app/Contents/Resources/app/bin/:/opt/homebrew/bin/kotlin/bin:/Users/koooo/Library/Android/sdk/emulator:/Users/koooo/Library/Android/sdk/platform-tools

Yarn version: 
  1.22.19

Node version: 
  14.18.2

Platform: 
  darwin x64

Trace: 
  Error: canceled
      at Interface.<anonymous> (/Users/koooo/.nvm/versions/node/v14.18.2/lib/node_modules/yarn/lib/cli.js:137150:13)
      at Interface.emit (events.js:400:28)
      at Interface._ttyWrite (readline.js:1001:16)
      at ReadStream.onkeypress (readline.js:265:10)
      at ReadStream.emit (events.js:400:28)
      at emitKeys (internal/readline/utils.js:358:14)
      at emitKeys.next (<anonymous>)
      at ReadStream.onData (readline.js:1270:36)
      at ReadStream.emit (events.js:400:28)
      at addChunk (internal/streams/readable.js:293:12)

npm manifest: 
  No manifest

yarn manifest: 
  No manifest

Lockfile: 
  No lockfile
